This is pdfTeX, Version 3.141592653-2.6-1.40.24 (MiKTeX 22.11.25) (preloaded format=pdflatex 2022.11.26)  9 FEB 2023 17:37
entering extended mode
 restricted \write18 enabled.
 %&-line parsing enabled.
**./ProblemSet-01.tex
(ProblemSet-01.tex
LaTeX2e <2022-11-01>
L3 programming layer <2022-11-02>
(C:\Users\Hammad Hassan\AppData\Local\Programs\MiKTeX\tex/latex/base\article.cl
s
Document Class: article 2022/07/02 v1.4n Standard LaTeX document class

(C:\Users\Hammad Hassan\AppData\Local\Programs\MiKTeX\tex/latex/base\size10.clo
File: size10.clo 2022/07/02 v1.4n Standard LaTeX file (size option)
)
\c@part=\count185
\c@section=\count186
\c@subsection=\count187
\c@subsubsection=\count188
\c@paragraph=\count189
\c@subparagraph=\count190
\c@figure=\count191
\c@table=\count192
\abovecaptionskip=\skip47
\belowcaptionskip=\skip48
\bibindent=\dimen140
)
(C:\Users\Hammad Hassan\AppData\Local\Programs\MiKTeX\tex/latex/geometry\geomet
ry.sty
Package: geometry 2020/01/02 v5.9 Page Geometry

(C:\Users\Hammad Hassan\AppData\Local\Programs\MiKTeX\tex/latex/graphics\keyval
.sty
Package: keyval 2022/05/29 v1.15 key=value parser (DPC)
\KV@toks@=\toks16
)
(C:\Users\Hammad Hassan\AppData\Local\Programs\MiKTeX\tex/generic/iftex\ifvtex.
sty
Package: ifvtex 2019/10/25 v1.7 ifvtex legacy package. Use iftex instead.

(C:\Users\Hammad Hassan\AppData\Local\Programs\MiKTeX\tex/generic/iftex\iftex.s
ty
Package: iftex 2022/02/03 v1.0f TeX engine tests
))
\Gm@cnth=\count193
\Gm@cntv=\count194
\c@Gm@tempcnt=\count195
\Gm@bindingoffset=\dimen141
\Gm@wd@mp=\dimen142
\Gm@odd@mp=\dimen143
\Gm@even@mp=\dimen144
\Gm@layoutwidth=\dimen145
\Gm@layoutheight=\dimen146
\Gm@layouthoffset=\dimen147
\Gm@layoutvoffset=\dimen148
\Gm@dimlist=\toks17

(C:\Users\Hammad Hassan\AppData\Local\Programs\MiKTeX\tex/latex/geometry\geomet
ry.cfg))
(C:\Users\Hammad Hassan\AppData\Local\Programs\MiKTeX\tex/latex/amsmath\amsmath
.sty
Package: amsmath 2022/04/08 v2.17n AMS math features
\@mathmargin=\skip49

For additional information on amsmath, use the `?' option.

(C:\Users\Hammad Hassan\AppData\Local\Programs\MiKTeX\tex/latex/amsmath\amstext
.sty
Package: amstext 2021/08/26 v2.01 AMS text

(C:\Users\Hammad Hassan\AppData\Local\Programs\MiKTeX\tex/latex/amsmath\amsgen.
sty
File: amsgen.sty 1999/11/30 v2.0 generic functions
\@emptytoks=\toks18
\ex@=\dimen149
))
(C:\Users\Hammad Hassan\AppData\Local\Programs\MiKTeX\tex/latex/amsmath\amsbsy.
sty
Package: amsbsy 1999/11/29 v1.2d Bold Symbols
\pmbraise@=\dimen150
)
(C:\Users\Hammad Hassan\AppData\Local\Programs\MiKTeX\tex/latex/amsmath\amsopn.
sty
Package: amsopn 2022/04/08 v2.04 operator names
)
\inf@bad=\count196
LaTeX Info: Redefining \frac on input line 234.
\uproot@=\count197
\leftroot@=\count198
LaTeX Info: Redefining \overline on input line 399.
LaTeX Info: Redefining \colon on input line 410.
\classnum@=\count199
\DOTSCASE@=\count266
LaTeX Info: Redefining \ldots on input line 496.
LaTeX Info: Redefining \dots on input line 499.
LaTeX Info: Redefining \cdots on input line 620.
\Mathstrutbox@=\box51
\strutbox@=\box52
LaTeX Info: Redefining \big on input line 722.
LaTeX Info: Redefining \Big on input line 723.
LaTeX Info: Redefining \bigg on input line 724.
LaTeX Info: Redefining \Bigg on input line 725.
\big@size=\dimen151
LaTeX Font Info:    Redeclaring font encoding OML on input line 743.
LaTeX Font Info:    Redeclaring font encoding OMS on input line 744.
\macc@depth=\count267
LaTeX Info: Redefining \bmod on input line 905.
LaTeX Info: Redefining \pmod on input line 910.
LaTeX Info: Redefining \smash on input line 940.
LaTeX Info: Redefining \relbar on input line 970.
LaTeX Info: Redefining \Relbar on input line 971.
\c@MaxMatrixCols=\count268
\dotsspace@=\muskip16
\c@parentequation=\count269
\dspbrk@lvl=\count270
\tag@help=\toks19
\row@=\count271
\column@=\count272
\maxfields@=\count273
\andhelp@=\toks20
\eqnshift@=\dimen152
\alignsep@=\dimen153
\tagshift@=\dimen154
\tagwidth@=\dimen155
\totwidth@=\dimen156
\lineht@=\dimen157
\@envbody=\toks21
\multlinegap=\skip50
\multlinetaggap=\skip51
\mathdisplay@stack=\toks22
LaTeX Info: Redefining \[ on input line 2953.
LaTeX Info: Redefining \] on input line 2954.
)
(C:\Users\Hammad Hassan\AppData\Local\Programs\MiKTeX\tex/latex/amscls\amsthm.s
ty
Package: amsthm 2020/05/29 v2.20.6
\thm@style=\toks23
\thm@bodyfont=\toks24
\thm@headfont=\toks25
\thm@notefont=\toks26
\thm@headpunct=\toks27
\thm@preskip=\skip52
\thm@postskip=\skip53
\thm@headsep=\skip54
\dth@everypar=\toks28
)
(C:\Users\Hammad Hassan\AppData\Local\Programs\MiKTeX\tex/latex/amsfonts\amssym
b.sty
Package: amssymb 2013/01/14 v3.01 AMS font symbols

(C:\Users\Hammad Hassan\AppData\Local\Programs\MiKTeX\tex/latex/amsfonts\amsfon
ts.sty
Package: amsfonts 2013/01/14 v3.01 Basic AMSFonts support
\symAMSa=\mathgroup4
\symAMSb=\mathgroup5
LaTeX Font Info:    Redeclaring math symbol \hbar on input line 98.
LaTeX Font Info:    Overwriting math alphabet `\mathfrak' in version `bold'
(Font)                  U/euf/m/n --> U/euf/b/n on input line 106.
))
(C:\Users\Hammad Hassan\AppData\Local\Programs\MiKTeX\tex/latex/graphics\graphi
cx.sty
Package: graphicx 2021/09/16 v1.2d Enhanced LaTeX Graphics (DPC,SPQR)

(C:\Users\Hammad Hassan\AppData\Local\Programs\MiKTeX\tex/latex/graphics\graphi
cs.sty
Package: graphics 2022/03/10 v1.4e Standard LaTeX Graphics (DPC,SPQR)

(C:\Users\Hammad Hassan\AppData\Local\Programs\MiKTeX\tex/latex/graphics\trig.s
ty
Package: trig 2021/08/11 v1.11 sin cos tan (DPC)
)
(C:\Users\Hammad Hassan\AppData\Local\Programs\MiKTeX\tex/latex/graphics-cfg\gr
aphics.cfg
File: graphics.cfg 2016/06/04 v1.11 sample graphics configuration
)
Package graphics Info: Driver file: pdftex.def on input line 107.

(C:\Users\Hammad Hassan\AppData\Local\Programs\MiKTeX\tex/latex/graphics-def\pd
ftex.def
File: pdftex.def 2022/09/22 v1.2b Graphics/color driver for pdftex
))
\Gin@req@height=\dimen158
\Gin@req@width=\dimen159
)
(C:\Users\Hammad Hassan\AppData\Local\Programs\MiKTeX\tex/latex/tools\multicol.
sty
Package: multicol 2021/11/30 v1.9d multicolumn formatting (FMi)
\c@tracingmulticols=\count274
\mult@box=\box53
\multicol@leftmargin=\dimen160
\c@unbalance=\count275
\c@collectmore=\count276
\doublecol@number=\count277
\multicoltolerance=\count278
\multicolpretolerance=\count279
\full@width=\dimen161
\page@free=\dimen162
\premulticols=\dimen163
\postmulticols=\dimen164
\multicolsep=\skip55
\multicolbaselineskip=\skip56
\partial@page=\box54
\last@line=\box55
\maxbalancingoverflow=\dimen165
\mult@rightbox=\box56
\mult@grightbox=\box57
\mult@firstbox=\box58
\mult@gfirstbox=\box59
\@tempa=\box60
\@tempa=\box61
\@tempa=\box62
\@tempa=\box63
\@tempa=\box64
\@tempa=\box65
\@tempa=\box66
\@tempa=\box67
\@tempa=\box68
\@tempa=\box69
\@tempa=\box70
\@tempa=\box71
\@tempa=\box72
\@tempa=\box73
\@tempa=\box74
\@tempa=\box75
\@tempa=\box76
\@tempa=\box77
\@tempa=\box78
\@tempa=\box79
\@tempa=\box80
\@tempa=\box81
\@tempa=\box82
\@tempa=\box83
\@tempa=\box84
\@tempa=\box85
\@tempa=\box86
\@tempa=\box87
\@tempa=\box88
\@tempa=\box89
\@tempa=\box90
\@tempa=\box91
\@tempa=\box92
\@tempa=\box93
\@tempa=\box94
\@tempa=\box95
\c@minrows=\count280
\c@columnbadness=\count281
\c@finalcolumnbadness=\count282
\last@try=\dimen166
\multicolovershoot=\dimen167
\multicolundershoot=\dimen168
\mult@nat@firstbox=\box96
\colbreak@box=\box97
\mc@col@check@num=\count283
)
(C:\Users\Hammad Hassan\AppData\Local\Programs\MiKTeX\tex/latex/tools\array.sty
Package: array 2022/03/10 v2.5f Tabular extension package (FMi)
\col@sep=\dimen169
\ar@mcellbox=\box98
\extrarowheight=\dimen170
\NC@list=\toks29
\extratabsurround=\skip57
\backup@length=\skip58
\ar@cellbox=\box99
)
(C:\Users\Hammad Hassan\AppData\Local\Programs\MiKTeX\tex/latex/tools\longtable
.sty
Package: longtable 2021-09-01 v4.17 Multi-page Table package (DPC)
\LTleft=\skip59
\LTright=\skip60
\LTpre=\skip61
\LTpost=\skip62
\LTchunksize=\count284
\LTcapwidth=\dimen171
\LT@head=\box100
\LT@firsthead=\box101
\LT@foot=\box102
\LT@lastfoot=\box103
\LT@gbox=\box104
\LT@cols=\count285
\LT@rows=\count286
\c@LT@tables=\count287
\c@LT@chunks=\count288
\LT@p@ftn=\toks30
)

Package geometry Warning: Over-specification in `h'-direction.
    `width' (483.69684pt) is ignored.


Package geometry Warning: Over-specification in `v'-direction.
    `height' (731.23582pt) is ignored.


(C:\Users\Hammad Hassan\AppData\Local\Programs\MiKTeX\tex/latex/l3backend\l3bac
kend-pdftex.def
File: l3backend-pdftex.def 2022-10-26 L3 backend support: PDF output (pdfTeX)
\l__color_backend_stack_int=\count289
\l__pdf_internal_box=\box105
) (ProblemSet-01.aux)
\openout1 = `ProblemSet-01.aux'.

LaTeX Font Info:    Checking defaults for OML/cmm/m/it on input line 20.
LaTeX Font Info:    ... okay on input line 20.
LaTeX Font Info:    Checking defaults for OMS/cmsy/m/n on input line 20.
LaTeX Font Info:    ... okay on input line 20.
LaTeX Font Info:    Checking defaults for OT1/cmr/m/n on input line 20.
LaTeX Font Info:    ... okay on input line 20.
LaTeX Font Info:    Checking defaults for T1/cmr/m/n on input line 20.
LaTeX Font Info:    ... okay on input line 20.
LaTeX Font Info:    Checking defaults for TS1/cmr/m/n on input line 20.
LaTeX Font Info:    ... okay on input line 20.
LaTeX Font Info:    Checking defaults for OMX/cmex/m/n on input line 20.
LaTeX Font Info:    ... okay on input line 20.
LaTeX Font Info:    Checking defaults for U/cmr/m/n on input line 20.
LaTeX Font Info:    ... okay on input line 20.

*geometry* driver: auto-detecting
*geometry* detected driver: pdftex
*geometry* verbose mode - [ preamble ] result:
* driver: pdftex
* paper: a4paper
* layout: <same size as paper>
* layoutoffset:(h,v)=(0.0pt,0.0pt)
* modes: 
* h-part:(L,W,R)=(54.06023pt, 489.38742pt, 54.06023pt)
* v-part:(T,H,B)=(54.06023pt, 736.92639pt, 54.06023pt)
* \paperwidth=597.50787pt
* \paperheight=845.04684pt
* \textwidth=489.38742pt
* \textheight=736.92639pt
* \oddsidemargin=-18.20976pt
* \evensidemargin=-18.20976pt
* \topmargin=-55.20976pt
* \headheight=12.0pt
* \headsep=25.0pt
* \topskip=10.0pt
* \footskip=30.0pt
* \marginparwidth=57.0pt
* \marginparsep=11.0pt
* \columnsep=10.0pt
* \skip\footins=9.0pt plus 4.0pt minus 2.0pt
* \hoffset=0.0pt
* \voffset=0.0pt
* \mag=1000
* \@twocolumnfalse
* \@twosidefalse
* \@mparswitchfalse
* \@reversemarginfalse
* (1in=72.27pt=25.4mm, 1cm=28.453pt)


(C:\Users\Hammad Hassan\AppData\Local\Programs\MiKTeX\tex/context/base/mkii\sup
p-pdf.mkii
[Loading MPS to PDF converter (version 2006.09.02).]
\scratchcounter=\count290
\scratchdimen=\dimen172
\scratchbox=\box106
\nofMPsegments=\count291
\nofMParguments=\count292
\everyMPshowfont=\toks31
\MPscratchCnt=\count293
\MPscratchDim=\dimen173
\MPnumerator=\count294
\makeMPintoPDFobject=\count295
\everyMPtoPDFconversion=\toks32
)
(C:\Users\Hammad Hassan\AppData\Local\Programs\MiKTeX\tex/latex/epstopdf-pkg\ep
stopdf-base.sty
Package: epstopdf-base 2020-01-24 v2.11 Base part for package epstopdf
Package epstopdf-base Info: Redefining graphics rule for `.eps' on input line 4
85.

(C:\Users\Hammad Hassan\AppData\Local\Programs\MiKTeX\tex/latex/00miktex\epstop
df-sys.cfg
File: epstopdf-sys.cfg 2021/03/18 v2.0 Configuration of epstopdf for MiKTeX
))
LaTeX Font Info:    Trying to load font information for U+msa on input line 26.


(C:\Users\Hammad Hassan\AppData\Local\Programs\MiKTeX\tex/latex/amsfonts\umsa.f
d
File: umsa.fd 2013/01/14 v3.01 AMS symbols A
)
LaTeX Font Info:    Trying to load font information for U+msb on input line 26.


(C:\Users\Hammad Hassan\AppData\Local\Programs\MiKTeX\tex/latex/amsfonts\umsb.f
d
File: umsb.fd 2013/01/14 v3.01 AMS symbols B
)
Underfull \hbox (badness 10000) in paragraph at lines 27--42

 []


Underfull \hbox (badness 10000) in paragraph at lines 27--42

 []


Underfull \hbox (badness 10000) in paragraph at lines 27--42

 []


Overfull \hbox (25.70416pt too wide) in paragraph at lines 59--60
[]\OT1/cmr/m/n/10 SELECT pr.name FROM Prod-uct Pr JOIN Prod-uct Pr1 ON PR.maker
=PR1.maker GROUP BY pr.name,Pr.cost
 []


Overfull \hbox (22.64859pt too wide) in paragraph at lines 60--61
[]\OT1/cmr/m/n/10 SELECT pr.name FROM Prod-uct Pr JOIN Prod-uct Pr1 ON PR.maker
>PR1.maker GROUP BY pr.name,Pr.cost
 []


Overfull \hbox (2.95518pt too wide) in paragraph at lines 63--65
[]\OT1/cmr/m/n/10 SELECT pr.name FROM Prod-uct Pr Right OUTER JOIN Prod-uct Pr1
 ON PR.maker=PR1.maker GROUP
 []

[1

{C:/Users/Hammad Hassan/AppData/Local/MiKTeX/fonts/map/pdftex/pdftex.map}]
Overfull \hbox (9.45322pt too wide) in paragraph at lines 101--102
[]\OT1/cmr/m/n/10 DECLARE @SUM as int =(Se-lect SUM(Pr.cost) FROM Prod-uct Pr W
HERE Pr.maker='Unilever')
 []


Overfull \hbox (13.85799pt too wide) in paragraph at lines 102--103
[]\OT1/cmr/m/n/10 SELECT Pr.name FROM Prod-uct Pr WHERE NOT Pr.maker='Unilever'
 AND Pr.cost$\OML/cmm/m/it/10 >$\OT1/cmr/m/n/10 (Select SUM(Pr.cost)
 []


Overfull \hbox (24.85579pt too wide) in paragraph at lines 103--104
[]\OT1/cmr/m/n/10 SELECT DIS-TINCT Pr.name FROM Prod-uct Pr CROSS JOIN Prod-uct
 Pr1 WHERE NOT Pr.maker='Unilever'
 []


Overfull \hbox (28.7758pt too wide) in paragraph at lines 104--105
\OT1/cmr/m/n/10 NOT Pr.maker='Unilever' AND Pr.cost$\OML/cmm/m/it/10 >$\OT1/cmr
/m/n/10 (Select SUM(Pr.cost) FROM Prod-uct Pr WHERE Pr.maker='Unilever') 
 []


Overfull \hbox (28.7758pt too wide) in paragraph at lines 105--106
\OT1/cmr/m/n/10 NOT Pr.maker='Unilever' AND Pr.cost$\OML/cmm/m/it/10 >$\OT1/cmr
/m/n/10 (Select SUM(Pr.cost) FROM Prod-uct Pr WHERE Pr.maker='Unilever') 
 []


Overfull \hbox (26.55359pt too wide) in paragraph at lines 106--108
\OT1/cmr/m/n/10 NOT Pr.maker='Unilever' AND Pr.cost$\OML/cmm/m/it/10 >$\OT1/cmr
/m/n/10 (Select SUM(Pr.cost)FROM Prod-uct Pr WHERE Pr.maker='Unilever') 
 []


Overfull \hbox (16.84218pt too wide) in paragraph at lines 134--135
[]\OT1/cmr/m/n/10 SELECT Pr.name FROM Com-pany C,Product Pr WHERE Pr.maker=C.na
me AND C.city='Lahore' 
 []


Overfull \hbox (34.10585pt too wide) in paragraph at lines 135--136
[]\OT1/cmr/m/n/10 SELECT Pr.name FROM Prod-uct Pr CROSS JOIN Com-pany C WHERE P
r.maker=C.name AND C.city='Lahore' 
 []

[2]
Overfull \hbox (10.17538pt too wide) in paragraph at lines 169--170
[]\OT1/cmr/m/n/10 SELECT Pu.product as Name,AVG(Pu.price) as Price FROM Pur-cha
se Pu GROUP BY Pu.product
 []


Overfull \hbox (3.35687pt too wide) in paragraph at lines 186--188
[]\OT1/cmr/m/n/10 SELECT DIS-TINCT Pr.name FROM Prod-uct Pr CROSS JOIN Prod-uct
 Pr1 WHERE Pr1.maker=Pr.maker
 []


Overfull \hbox (18.1636pt too wide) in paragraph at lines 188--189
[]\OT1/cmr/m/n/10 SELECT Pr.name FROM Prod-uct Pr JOIN Prod-uct Pr1 ON Pr1.make
r=Pr.maker WHERE Pr.cost$\OML/cmm/m/it/10 >$\OT1/cmr/m/n/10 (SELECT
 []


Overfull \hbox (1.27357pt too wide) in paragraph at lines 189--191
[]\OT1/cmr/m/n/10 SELECT Pr.name FROM Prod-uct Pr FULL OUTER JOIN Prod-uct Pr1 
ON Pr1.maker=Pr.maker WHERE
 []

[3]
Overfull \hbox (1.55135pt too wide) in paragraph at lines 191--193
[]\OT1/cmr/m/n/10 SELECT Pr.name FROM Prod-uct Pr LEFT OUTER JOIN Prod-uct Pr1 
ON Pr1.maker=Pr.maker WHERE
 []


Overfull \hbox (1.47961pt too wide) in paragraph at lines 214--215
[]\OT1/cmr/m/n/10 SELECT DIS-TINCT C.name FROM Com-pany C RIGHT OUTER JOIN Prod
-uct Pr ON C.name=Pr.maker
 []


Overfull \hbox (10.62401pt too wide) in paragraph at lines 225--228
\OT1/cmr/m/n/10 WHERE (Pr.cost-Pu.price)> (SE-LECT AVG(Pr1.cost- Pu1.price) FRO
M Prod-uct Pr1,Purchase Pu1 WHERE
 []

[4] (ProblemSet-01.aux) ) 
Here is how much of TeX's memory you used:
 3520 strings out of 475284
 54346 string characters out of 2770292
 412127 words of memory out of 3000000
 24975 multiletter control sequences out of 15000+600000
 476556 words of font info for 57 fonts, out of 8000000 for 9000
 1141 hyphenation exceptions out of 8191
 55i,6n,62p,300b,244s stack positions out of 10000i,1000n,20000p,200000b,80000s
<C:/Users/Hammad Hassan/AppData/Local/Programs/MiKTeX/
fonts/type1/public/amsfonts/cm/cmbx10.pfb><C:/Users/Hammad Hassan/AppData/Local
/Programs/MiKTeX/fonts/type1/public/amsfonts/cm/cmmi10.pfb><C:/Users/Hammad Has
san/AppData/Local/Programs/MiKTeX/fonts/type1/public/amsfonts/cm/cmr10.pfb><C:/
Users/Hammad Hassan/AppData/Local/Programs/MiKTeX/fonts/type1/public/amsfonts/c
m/cmr12.pfb><C:/Users/Hammad Hassan/AppData/Local/Programs/MiKTeX/fonts/type1/p
ublic/amsfonts/cm/cmr17.pfb><C:/Users/Hammad Hassan/AppData/Local/Programs/MiKT
eX/fonts/type1/public/amsfonts/cm/cmti10.pfb>
Output written on ProblemSet-01.pdf (4 pages, 93755 bytes).
PDF statistics:
 45 PDF objects out of 1000 (max. 8388607)
 0 named destinations out of 1000 (max. 500000)
 1 words of extra memory for PDF output out of 10000 (max. 10000000)

